CRITICAL - 2024-12-20 13:53:16 --> require(vendor/autoload.php): failed to open stream: No such file or directory
in APPPATH\Views\admin\adminpanel.php on line 2.
 1 APPPATH\Views\admin\adminpanel.php(2): CodeIgniter\Debug\Exceptions->errorHandler(2, 'require(vendor/autoload.php): failed to open stream: No such file or directory', 'C:\\xampp\\htdocs\\Chinese-Mythology-Website---Final-Project\\app\\Views\\admin\\adminpanel.php', 2, [])
 2 APPPATH\Views\admin\adminpanel.php(2): require()
 3 SYSTEMPATH\View\View.php(226): include('C:\\xampp\\htdocs\\Chinese-Mythology-Website---Final-Project\\app\\Views\\admin\\adminpanel.php')
 4 SYSTEMPATH\View\View.php(229): CodeIgniter\View\View->CodeIgniter\View\{closure}()
 5 SYSTEMPATH\Common.php(1188): CodeIgniter\View\View->render('admin/adminpanel', [], true)
 6 APPPATH\Controllers\pages.php(33): view('admin/adminpanel')
 7 SYSTEMPATH\CodeIgniter.php(919): App\Controllers\Pages->panel()
 8 SYSTEMPATH\CodeIgniter.php(494): CodeIgniter\CodeIgniter->runController(Object(App\Controllers\Pages))
 9 SYSTEMPATH\CodeIgniter.php(353): CodeIgniter\CodeIgniter->handleRequest(null, Object(Config\Cache), false)
10 FCPATH\index.php(79): CodeIgniter\CodeIgniter->run()
CRITICAL - 2024-12-20 14:02:40 --> Class 'App\Core\Controller' not found
in APPPATH\Controllers\Admin.php on line 7.
 1 SYSTEMPATH\Autoloader\Autoloader.php(306): include_once()
 2 SYSTEMPATH\Autoloader\Autoloader.php(285): CodeIgniter\Autoloader\Autoloader->includeFile('C:\\xampp\\htdocs\\Chinese-Mythology-Website---Final-Project\\app\\Controllers\\Admin.php')
 3 SYSTEMPATH\Autoloader\Autoloader.php(263): CodeIgniter\Autoloader\Autoloader->loadInNamespace('App\\Controllers\\Admin')
 4 [internal function]: CodeIgniter\Autoloader\Autoloader->loadClass('App\\Controllers\\Admin')
 5 [internal function]: spl_autoload_call('App\\Controllers\\Admin')
 6 SYSTEMPATH\CodeIgniter.php(877): class_exists('\\App\\Controllers\\Admin', true)
 7 SYSTEMPATH\CodeIgniter.php(481): CodeIgniter\CodeIgniter->startController()
 8 SYSTEMPATH\CodeIgniter.php(353): CodeIgniter\CodeIgniter->handleRequest(null, Object(Config\Cache), false)
 9 FCPATH\index.php(79): CodeIgniter\CodeIgniter->run()
CRITICAL - 2024-12-20 14:02:46 --> Class 'App\Core\Controller' not found
in APPPATH\Controllers\Admin.php on line 7.
 1 SYSTEMPATH\Autoloader\Autoloader.php(306): include_once()
 2 SYSTEMPATH\Autoloader\Autoloader.php(285): CodeIgniter\Autoloader\Autoloader->includeFile('C:\\xampp\\htdocs\\Chinese-Mythology-Website---Final-Project\\app\\Controllers\\Admin.php')
 3 SYSTEMPATH\Autoloader\Autoloader.php(263): CodeIgniter\Autoloader\Autoloader->loadInNamespace('App\\Controllers\\Admin')
 4 [internal function]: CodeIgniter\Autoloader\Autoloader->loadClass('App\\Controllers\\Admin')
 5 [internal function]: spl_autoload_call('App\\Controllers\\Admin')
 6 SYSTEMPATH\CodeIgniter.php(877): class_exists('\\App\\Controllers\\Admin', true)
 7 SYSTEMPATH\CodeIgniter.php(481): CodeIgniter\CodeIgniter->startController()
 8 SYSTEMPATH\CodeIgniter.php(353): CodeIgniter\CodeIgniter->handleRequest(null, Object(Config\Cache), false)
 9 FCPATH\index.php(79): CodeIgniter\CodeIgniter->run()
CRITICAL - 2024-12-20 14:02:47 --> Class 'App\Core\Controller' not found
in APPPATH\Controllers\Admin.php on line 7.
 1 SYSTEMPATH\Autoloader\Autoloader.php(306): include_once()
 2 SYSTEMPATH\Autoloader\Autoloader.php(285): CodeIgniter\Autoloader\Autoloader->includeFile('C:\\xampp\\htdocs\\Chinese-Mythology-Website---Final-Project\\app\\Controllers\\Admin.php')
 3 SYSTEMPATH\Autoloader\Autoloader.php(263): CodeIgniter\Autoloader\Autoloader->loadInNamespace('App\\Controllers\\Admin')
 4 [internal function]: CodeIgniter\Autoloader\Autoloader->loadClass('App\\Controllers\\Admin')
 5 [internal function]: spl_autoload_call('App\\Controllers\\Admin')
 6 SYSTEMPATH\CodeIgniter.php(877): class_exists('\\App\\Controllers\\Admin', true)
 7 SYSTEMPATH\CodeIgniter.php(481): CodeIgniter\CodeIgniter->startController()
 8 SYSTEMPATH\CodeIgniter.php(353): CodeIgniter\CodeIgniter->handleRequest(null, Object(Config\Cache), false)
 9 FCPATH\index.php(79): CodeIgniter\CodeIgniter->run()
CRITICAL - 2024-12-20 14:02:50 --> Class 'App\Core\Controller' not found
in APPPATH\Controllers\Admin.php on line 7.
 1 SYSTEMPATH\Autoloader\Autoloader.php(306): include_once()
 2 SYSTEMPATH\Autoloader\Autoloader.php(285): CodeIgniter\Autoloader\Autoloader->includeFile('C:\\xampp\\htdocs\\Chinese-Mythology-Website---Final-Project\\app\\Controllers\\Admin.php')
 3 SYSTEMPATH\Autoloader\Autoloader.php(263): CodeIgniter\Autoloader\Autoloader->loadInNamespace('App\\Controllers\\Admin')
 4 [internal function]: CodeIgniter\Autoloader\Autoloader->loadClass('App\\Controllers\\Admin')
 5 [internal function]: spl_autoload_call('App\\Controllers\\Admin')
 6 SYSTEMPATH\CodeIgniter.php(877): class_exists('\\App\\Controllers\\Admin', true)
 7 SYSTEMPATH\CodeIgniter.php(481): CodeIgniter\CodeIgniter->startController()
 8 SYSTEMPATH\CodeIgniter.php(353): CodeIgniter\CodeIgniter->handleRequest(null, Object(Config\Cache), false)
 9 FCPATH\index.php(79): CodeIgniter\CodeIgniter->run()
CRITICAL - 2024-12-20 14:04:08 --> move_uploaded_file(uploads/6765795893b6b_Zombie_NM.jpg): failed to open stream: No such file or directory
in APPPATH\Views\admin\ekle.php on line 15.
 1 [internal function]: CodeIgniter\Debug\Exceptions->errorHandler(2, 'move_uploaded_file(uploads/6765795893b6b_Zombie_NM.jpg): failed to open stream: No such file or directory', 'C:\\xampp\\htdocs\\Chinese-Mythology-Website---Final-Project\\app\\Views\\admin\\ekle.php', 15, [...])
 2 APPPATH\Views\admin\ekle.php(15): move_uploaded_file('C:\\xampp\\tmp\\phpD75C.tmp', 'uploads/6765795893b6b_Zombie_NM.jpg')
 3 SYSTEMPATH\View\View.php(226): include('C:\\xampp\\htdocs\\Chinese-Mythology-Website---Final-Project\\app\\Views\\admin\\ekle.php')
 4 SYSTEMPATH\View\View.php(229): CodeIgniter\View\View->CodeIgniter\View\{closure}()
 5 SYSTEMPATH\Common.php(1188): CodeIgniter\View\View->render('admin/ekle', [], true)
 6 APPPATH\Controllers\Admin.php(20): view('admin/ekle')
 7 SYSTEMPATH\CodeIgniter.php(919): App\Controllers\Admin->ekle()
 8 SYSTEMPATH\CodeIgniter.php(494): CodeIgniter\CodeIgniter->runController(Object(App\Controllers\Admin))
 9 SYSTEMPATH\CodeIgniter.php(353): CodeIgniter\CodeIgniter->handleRequest(null, Object(Config\Cache), false)
10 FCPATH\index.php(79): CodeIgniter\CodeIgniter->run()
CRITICAL - 2024-12-20 14:06:20 --> Invalid file: "admin/duzenle.php"
in SYSTEMPATH\Exceptions\FrameworkException.php on line 39.
 1 SYSTEMPATH\View\View.php(214): CodeIgniter\Exceptions\FrameworkException::forInvalidFile('admin/duzenle.php')
 2 SYSTEMPATH\Common.php(1188): CodeIgniter\View\View->render('admin/duzenle', [], true)
 3 APPPATH\Controllers\Admin.php(37): view('admin/duzenle')
 4 SYSTEMPATH\CodeIgniter.php(919): App\Controllers\Admin->duzenle('676579c42a1100004e006e04')
 5 SYSTEMPATH\CodeIgniter.php(494): CodeIgniter\CodeIgniter->runController(Object(App\Controllers\Admin))
 6 SYSTEMPATH\CodeIgniter.php(353): CodeIgniter\CodeIgniter->handleRequest(null, Object(Config\Cache), false)
 7 FCPATH\index.php(79): CodeIgniter\CodeIgniter->run()
CRITICAL - 2024-12-20 14:53:14 --> Class "MongoDB\Driver\Manager" not found
in APPPATH\Config\mongodb.php on line 10.
 1 APPPATH\Config\mongodb.php(19): MongoDB_Connection->__construct()
 2 APPPATH\Views\admin\adminpanel.php(4): MongoDB_Connection::getInstance()
 3 SYSTEMPATH\View\View.php(226): include('C:\\wamp64\\www\\Chinese-Mythology-Website---Final-Project\\app\\Views\\admin\\adminpanel.php')
 4 SYSTEMPATH\View\View.php(229): CodeIgniter\View\View->CodeIgniter\View\{closure}()
 5 SYSTEMPATH\Common.php(1188): CodeIgniter\View\View->render('admin/adminpanel', [], true)
 6 APPPATH\Controllers\Admin.php(14): view('admin/adminpanel')
 7 SYSTEMPATH\CodeIgniter.php(919): App\Controllers\Admin->panel()
 8 SYSTEMPATH\CodeIgniter.php(494): CodeIgniter\CodeIgniter->runController(Object(App\Controllers\Admin))
 9 SYSTEMPATH\CodeIgniter.php(353): CodeIgniter\CodeIgniter->handleRequest(null, Object(Config\Cache), false)
10 FCPATH\index.php(79): CodeIgniter\CodeIgniter->run()
CRITICAL - 2024-12-20 14:53:22 --> Class "MongoDB\Driver\Manager" not found
in APPPATH\Config\mongodb.php on line 10.
 1 APPPATH\Config\mongodb.php(19): MongoDB_Connection->__construct()
 2 APPPATH\Views\admin\adminpanel.php(4): MongoDB_Connection::getInstance()
 3 SYSTEMPATH\View\View.php(226): include('C:\\wamp64\\www\\Chinese-Mythology-Website---Final-Project\\app\\Views\\admin\\adminpanel.php')
 4 SYSTEMPATH\View\View.php(229): CodeIgniter\View\View->CodeIgniter\View\{closure}()
 5 SYSTEMPATH\Common.php(1188): CodeIgniter\View\View->render('admin/adminpanel', [], true)
 6 APPPATH\Controllers\Admin.php(14): view('admin/adminpanel')
 7 SYSTEMPATH\CodeIgniter.php(919): App\Controllers\Admin->panel()
 8 SYSTEMPATH\CodeIgniter.php(494): CodeIgniter\CodeIgniter->runController(Object(App\Controllers\Admin))
 9 SYSTEMPATH\CodeIgniter.php(353): CodeIgniter\CodeIgniter->handleRequest(null, Object(Config\Cache), false)
10 FCPATH\index.php(79): CodeIgniter\CodeIgniter->run()
CRITICAL - 2024-12-20 15:21:00 --> Class "MongoDB\Driver\Manager" not found
in APPPATH\Config\mongodb.php on line 10.
 1 APPPATH\Config\mongodb.php(19): MongoDB_Connection->__construct()
 2 APPPATH\Views\admin\adminpanel.php(4): MongoDB_Connection::getInstance()
 3 SYSTEMPATH\View\View.php(226): include('C:\\wamp64\\www\\Chinese-Mythology-Website---Final-Project\\app\\Views\\admin\\adminpanel.php')
 4 SYSTEMPATH\View\View.php(229): CodeIgniter\View\View->CodeIgniter\View\{closure}()
 5 SYSTEMPATH\Common.php(1188): CodeIgniter\View\View->render('admin/adminpanel', [], true)
 6 APPPATH\Controllers\Admin.php(14): view('admin/adminpanel')
 7 SYSTEMPATH\CodeIgniter.php(919): App\Controllers\Admin->panel()
 8 SYSTEMPATH\CodeIgniter.php(494): CodeIgniter\CodeIgniter->runController(Object(App\Controllers\Admin))
 9 SYSTEMPATH\CodeIgniter.php(353): CodeIgniter\CodeIgniter->handleRequest(null, Object(Config\Cache), false)
10 FCPATH\index.php(79): CodeIgniter\CodeIgniter->run()
CRITICAL - 2024-12-20 15:57:38 --> Class "MongoDB\Driver\Manager" not found
in APPPATH\Config\mongodb.php on line 10.
 1 APPPATH\Config\mongodb.php(19): MongoDB_Connection->__construct()
 2 APPPATH\Views\admin\adminpanel.php(4): MongoDB_Connection::getInstance()
 3 SYSTEMPATH\View\View.php(226): include('C:\\wamp64\\www\\Chinese-Mythology-Website---Final-Project\\app\\Views\\admin\\adminpanel.php')
 4 SYSTEMPATH\View\View.php(229): CodeIgniter\View\View->CodeIgniter\View\{closure}()
 5 SYSTEMPATH\Common.php(1188): CodeIgniter\View\View->render('admin/adminpanel', [], true)
 6 APPPATH\Controllers\Admin.php(14): view('admin/adminpanel')
 7 SYSTEMPATH\CodeIgniter.php(919): App\Controllers\Admin->panel()
 8 SYSTEMPATH\CodeIgniter.php(494): CodeIgniter\CodeIgniter->runController(Object(App\Controllers\Admin))
 9 SYSTEMPATH\CodeIgniter.php(353): CodeIgniter\CodeIgniter->handleRequest(null, Object(Config\Cache), false)
10 FCPATH\index.php(79): CodeIgniter\CodeIgniter->run()
